2021-11-04 06:10:27,116 [MainThread  ] [INFO ]  Centering molecule in the box.
2021-11-04 06:10:27,117 [MainThread  ] [INFO ]  Distance of the box to molecule:   0.80
2021-11-04 06:10:27,117 [MainThread  ] [INFO ]  Box type: octahedron
2021-11-04 06:10:27,118 [MainThread  ] [INFO ]  GROMACS Editconf 20212 version detected
2021-11-04 06:10:27,119 [MainThread  ] [INFO ]  Not using any container
2021-11-04 06:10:27,120 [MainThread  ] [INFO ]  /usr/local/gromacs/bin/gmx -nobackup -nocopyright editconf -f 3HTB_JZ4_H.pdb -o 3HTB_JZ4_complex_editconf.gro -d 0.8 -bt octahedron -c

2021-11-04 06:10:27,170 [MainThread  ] [INFO ]  Exit code 0

2021-11-04 06:10:27,171 [MainThread  ] [INFO ]  Note that major changes are planned in future for editconf, to improve usability and utility.
Read 2636 atoms
Volume: 1322.64 nm^3, corresponds to roughly 595100 electrons
No velocities found
    system size :  4.069  4.192  5.073 (nm)
    diameter    :  5.849               (nm)
    center      :  2.241 -1.669 -0.935 (nm)
    box vectors :  8.398 10.808 14.572 (nm)
    box angles  :  90.00  90.00  90.00 (degrees)
    box volume  :1322.64               (nm^3)
    shift       :  1.483  6.937  3.976 (nm)
new center      :  3.725  5.267  3.041 (nm)
new box vectors :  7.449  7.449  7.449 (nm)
new box angles  :  70.53 109.47  70.53 (degrees)
new box volume  : 318.21               (nm^3)

2021-11-04 06:10:27,172 [MainThread  ] [INFO ]  Removed: []
