2021-11-04 06:33:47,955 [MainThread  ] [INFO ]  Extracting: /home/dhnchandan/Documents/cc/gromacs/nb_md_analysis/project/notebooks/3HTB_JZ4_solvate_top.zip
2021-11-04 06:33:47,956 [MainThread  ] [INFO ]  to:
2021-11-04 06:33:47,957 [MainThread  ] [INFO ]  ['d0b751f5-6605-4173-a93e-6b9dbcbc7ad9/JZ4_posres.itp', 'd0b751f5-6605-4173-a93e-6b9dbcbc7ad9/JZ4params.itp', 'd0b751f5-6605-4173-a93e-6b9dbcbc7ad9/ligand.top', 'd0b751f5-6605-4173-a93e-6b9dbcbc7ad9/posre.itp']
2021-11-04 06:33:47,957 [MainThread  ] [INFO ]  Unzipping: 
2021-11-04 06:33:47,958 [MainThread  ] [INFO ]  3HTB_JZ4_solvate_top.zip
2021-11-04 06:33:47,958 [MainThread  ] [INFO ]  To: 
2021-11-04 06:33:47,959 [MainThread  ] [INFO ]  d0b751f5-6605-4173-a93e-6b9dbcbc7ad9/JZ4_posres.itp
2021-11-04 06:33:47,960 [MainThread  ] [INFO ]  d0b751f5-6605-4173-a93e-6b9dbcbc7ad9/JZ4params.itp
2021-11-04 06:33:47,960 [MainThread  ] [INFO ]  d0b751f5-6605-4173-a93e-6b9dbcbc7ad9/ligand.top
2021-11-04 06:33:47,961 [MainThread  ] [INFO ]  d0b751f5-6605-4173-a93e-6b9dbcbc7ad9/posre.itp
2021-11-04 06:33:47,962 [MainThread  ] [INFO ]  GROMACS Grompp 20212 version detected
2021-11-04 06:33:47,963 [MainThread  ] [INFO ]  Not using any container
2021-11-04 06:33:47,963 [MainThread  ] [INFO ]  /usr/local/gromacs/bin/gmx -nobackup -nocopyright grompp -f 7fa2c1e7-e6f7-491f-9a83-9fd1ad8c88f1/grompp.mdp -c 3HTB_JZ4_solvate.gro -r 3HTB_JZ4_solvate.gro -p d0b751f5-6605-4173-a93e-6b9dbcbc7ad9/ligand.top -o 3HTB_JZ4_complex_gppion.tpr -po mdout.mdp -maxwarn 1

2021-11-04 06:33:48,395 [MainThread  ] [INFO ]  Exit code 1

2021-11-04 06:33:48,397 [MainThread  ] [INFO ]  Setting the LD random seed to -1073758769

Generated 2556 of the 2556 non-bonded parameter combinations

Generated 2556 of the 2556 1-4 parameter combinations

Excluding 3 bonded neighbours molecule type 'Protein_chain_A'

Excluding 3 bonded neighbours molecule type 'JZ4params'

Excluding 2 bonded neighbours molecule type 'SOL'

++++ PLEASE READ AND CITE THE FOLLOWING REFERENCE ++++
J. S. Hub, B. L. de Groot, H. Grubmueller, G. Groenhof
Quantifying Artifacts in Ewald Simulations of Inhomogeneous Systems with a Net
Charge
J. Chem. Theory Comput. 10 (2014) pp. 381-393
-------- -------- --- Thank You --- -------- --------


atom name 30 in d0b751f5-6605-4173-a93e-6b9dbcbc7ad9/ligand.top and 3HTB_JZ4_solvate.gro does not match (HD21 - 1HD2)

atom name 31 in d0b751f5-6605-4173-a93e-6b9dbcbc7ad9/ligand.top and 3HTB_JZ4_solvate.gro does not match (HD22 - 2HD2)

atom name 41 in d0b751f5-6605-4173-a93e-6b9dbcbc7ad9/ligand.top and 3HTB_JZ4_solvate.gro does not match (HG21 - 1HG2)

atom name 42 in d0b751f5-6605-4173-a93e-6b9dbcbc7ad9/ligand.top and 3HTB_JZ4_solvate.gro does not match (HG22 - 2HG2)

atom name 43 in d0b751f5-6605-4173-a93e-6b9dbcbc7ad9/ligand.top and 3HTB_JZ4_solvate.gro does not match (HG23 - 3HG2)

atom name 45 in d0b751f5-6605-4173-a93e-6b9dbcbc7ad9/ligand.top and 3HTB_JZ4_solvate.gro does not match (HG11 - 1HG1)

atom name 46 in d0b751f5-6605-4173-a93e-6b9dbcbc7ad9/ligand.top and 3HTB_JZ4_solvate.gro does not match (HG12 - 2HG1)

atom name 115 in d0b751f5-6605-4173-a93e-6b9dbcbc7ad9/ligand.top and 3HTB_JZ4_solvate.gro does not match (HD11 - 1HD1)

atom name 116 in d0b751f5-6605-4173-a93e-6b9dbcbc7ad9/ligand.top and 3HTB_JZ4_solvate.gro does not match (HD12 - 2HD1)

atom name 117 in d0b751f5-6605-4173-a93e-6b9dbcbc7ad9/ligand.top and 3HTB_JZ4_solvate.gro does not match (HD13 - 3HD1)

atom name 119 in d0b751f5-6605-4173-a93e-6b9dbcbc7ad9/ligand.top and 3HTB_JZ4_solvate.gro does not match (HD21 - 1HD2)

atom name 120 in d0b751f5-6605-4173-a93e-6b9dbcbc7ad9/ligand.top and 3HTB_JZ4_solvate.gro does not match (HD22 - 2HD2)

atom name 121 in d0b751f5-6605-4173-a93e-6b9dbcbc7ad9/ligand.top and 3HTB_JZ4_solvate.gro does not match (HD23 - 3HD2)

atom name 141 in d0b751f5-6605-4173-a93e-6b9dbcbc7ad9/ligand.top and 3HTB_JZ4_solvate.gro does not match (HH11 - 1HH1)

atom name 142 in d0b751f5-6605-4173-a93e-6b9dbcbc7ad9/ligand.top and 3HTB_JZ4_solvate.gro does not match (HH12 - 2HH1)

atom name 144 in d0b751f5-6605-4173-a93e-6b9dbcbc7ad9/ligand.top and 3HTB_JZ4_solvate.gro does not match (HH21 - 1HH2)

atom name 145 in d0b751f5-6605-4173-a93e-6b9dbcbc7ad9/ligand.top and 3HTB_JZ4_solvate.gro does not match (HH22 - 2HH2)

atom name 155 in d0b751f5-6605-4173-a93e-6b9dbcbc7ad9/ligand.top and 3HTB_JZ4_solvate.gro does not match (HG21 - 1HG2)

atom name 156 in d0b751f5-6605-4173-a93e-6b9dbcbc7ad9/ligand.top and 3HTB_JZ4_solvate.gro does not match (HG22 - 2HG2)

atom name 157 in d0b751f5-6605-4173-a93e-6b9dbcbc7ad9/ligand.top and 3HTB_JZ4_solvate.gro does not match (HG23 - 3HG2)

(more than 20 non-matching atom names)
Analysing residue names:
There are:   163    Protein residues
There are:     1      Other residues
There are:  9531      Water residues
Analysing Protein...
Analysing residues not classified as Protein/DNA/RNA/Water and splitting into groups...
Calculating fourier grid dimensions for X Y Z
Using a fourier grid of 64x64x64, spacing 0.116 0.116 0.116

Estimate for the relative computational load of the PME mesh part: 0.21

This run will generate roughly 2 Mb of data

2021-11-04 06:33:48,399 [MainThread  ] [INFO ]  Removed: ['d0b751f5-6605-4173-a93e-6b9dbcbc7ad9', '7fa2c1e7-e6f7-491f-9a83-9fd1ad8c88f1', 'mdout.mdp']
