2021-11-04 06:11:34,912 [MainThread  ] [INFO ]                       :-) GROMACS - gmx trjconv, 2021.2 (-:

                            GROMACS is written by:
     Andrey Alekseenko              Emile Apol              Rossen Apostolov     
         Paul Bauer           Herman J.C. Berendsen           Par Bjelkmar       
       Christian Blau           Viacheslav Bolnykh             Kevin Boyd        
     Aldert van Buuren           Rudi van Drunen             Anton Feenstra      
    Gilles Gouaillardet             Alan Gray               Gerrit Groenhof      
       Anca Hamuraru            Vincent Hindriksen          M. Eric Irrgang      
      Aleksei Iupinov           Christoph Junghans             Joe Jordan        
    Dimitrios Karkoulis            Peter Kasson                Jiri Kraus        
      Carsten Kutzner              Per Larsson              Justin A. Lemkul     
       Viveca Lindahl            Magnus Lundborg             Erik Marklund       
        Pascal Merz             Pieter Meulenhoff            Teemu Murtola       
        Szilard Pall               Sander Pronk              Roland Schulz       
       Michael Shirts            Alexey Shvetsov             Alfons Sijbers      
       Peter Tieleman              Jon Vincent              Teemu Virolainen     
     Christian Wennberg            Maarten Wolf              Artem Zhmurov       
                           and the project leaders:
        Mark Abraham, Berk Hess, Erik Lindahl, and David van der Spoel

Copyright (c) 1991-2000, University of Groningen, The Netherlands.
Copyright (c) 2001-2019, The GROMACS development team at
Uppsala University, Stockholm University and
the Royal Institute of Technology, Sweden.
check out http://www.gromacs.org for more information.

GROMACS is free software; you can redistribute it and/or modify it
under the terms of the GNU Lesser General Public License
as published by the Free Software Foundation; either version 2.1
of the License, or (at your option) any later version.

GROMACS:      gmx trjconv, version 2021.2
Executable:   /usr/local/gromacs/bin/gmx
Data prefix:  /usr/local/gromacs
Working dir:  /home/dhnchandan/Documents/cc/gromacs/nb_md_analysis/project/notebooks
Command line:
  gmx trjconv -f /home/dhnchandan/Documents/cc/gromacs/nb_md_analysis/project/notebooks/JZ4params.gro -s /home/dhnchandan/Documents/cc/gromacs/nb_md_analysis/project/notebooks/JZ4params.gro -o JZ4_complex_H.pdb

Will write pdb: Protein data bank file
Group     0 (         System) has    22 elements
Group     1 (          Other) has    22 elements
Group     2 (            JZ4) has    22 elements
Select a group: Reading frames from gro file 'JZ4params_GMX.gro created by acpype (v: 2019-11-07T23:16:00CET) on Wed Nov  3 06:12:26 2021', 22 atoms.
Reading frame       0 time    0.000   
Precision of /home/dhnchandan/Documents/cc/gromacs/nb_md_analysis/project/notebooks/JZ4params.gro is 0.001 (nm)

Back Off! I just backed up JZ4_complex_H.pdb to ./#JZ4_complex_H.pdb.1#
 ->  frame      0 time    0.000      Last frame          0 time    0.000   


GROMACS reminds you: "The secret to getting ahead is getting started" (Mark Twain)


