2021-11-04 06:16:59,831 [MainThread  ] [INFO ]                       :-) GROMACS - gmx solvate, 2019.1 (-:

Executable:   /home/dhnchandan/anaconda3/envs/nb_md_analysis/bin/gmx
Data prefix:  /home/dhnchandan/anaconda3/envs/nb_md_analysis
Working dir:  /home/dhnchandan/Documents/cc/gromacs/nb_md_analysis/project/notebooks
Command line:
  gmx -nobackup -nocopyright solvate -cp 3HTB_JZ4_complex_editconf.gro -cs spc216.gro -o 3HTB_JZ4_solvate.gro -p 89f36454-a244-4569-85fa-b13a91806f75/ligand.top

Reading solute configuration
Reading solvent configuration

Initialising inter-atomic distances...
Generating solvent configuration
Will generate new solvent configuration of 5x4x4 boxes
Solvent box contains 36060 atoms in 12020 residues
Removed 5094 solvent atoms due to solvent-solvent overlap
Removed 2373 solvent atoms due to solute-solvent overlap
Sorting configuration
Found 1 molecule type:
    SOL (   3 atoms):  9531 residues
Generated solvent containing 28593 atoms in 9531 residues
Writing generated configuration to 3HTB_JZ4_solvate.gro

Output configuration contains 31229 atoms in 9695 residues
Volume                 :     318.205 (nm^3)
Density                :     1000.12 (g/l)
Number of solvent molecules:   9531   

Processing topology

GROMACS reminds you: "Problems worthy of attack prove their worth by hitting back." (Piet Hein)


