2021-11-04 06:30:12,703 [MainThread  ] [INFO ]                        :-) GROMACS - gmx genion, 2021.2 (-:

Executable:   /usr/local/gromacs/bin/gmx
Data prefix:  /usr/local/gromacs
Working dir:  /home/dhnchandan/Documents/cc/gromacs/nb_md_analysis/project/notebooks
Command line:
  gmx -nobackup -nocopyright genion -s 3HTB_JZ4_complex_gppion.tpr -o 3HTB_JZ4_genion.gro -p f75d7e1b-4883-46dc-9a1b-cec0e92613d1/ligand.top -neutral -conc 0.05 -seed 1993


-------------------------------------------------------
Program:     gmx genion, version 2021.2
Source file: src/gromacs/commandline/cmdlineparser.cpp (line 275)
Function:    void gmx::CommandLineParser::parse(int*, char**)

Error in user input:
Invalid command-line options
  In command-line option -s
    File '3HTB_JZ4_complex_gppion.tpr' does not exist or is not accessible.
    The file could not be opened.
      Reason: No such file or directory
      (call to fopen() returned error code 2)

For more information and tips for troubleshooting, please check the GROMACS
website at http://www.gromacs.org/Documentation/Errors
-------------------------------------------------------

