2021-11-04 07:18:24,161 [MainThread  ] [INFO ]  Extracting: /home/dhnchandan/Documents/cc/gromacs/nb_md_analysis/project/notebooks/3HTB_JZ4_genion_top.zip
2021-11-04 07:18:24,162 [MainThread  ] [INFO ]  to:
2021-11-04 07:18:24,164 [MainThread  ] [INFO ]  ['71a82773-e068-48cd-8c89-eb3d3f65b25f/JZ4_posres.itp', '71a82773-e068-48cd-8c89-eb3d3f65b25f/JZ4params.itp', '71a82773-e068-48cd-8c89-eb3d3f65b25f/ligand.top', '71a82773-e068-48cd-8c89-eb3d3f65b25f/posre.itp']
2021-11-04 07:18:24,164 [MainThread  ] [INFO ]  Unzipping: 
2021-11-04 07:18:24,165 [MainThread  ] [INFO ]  3HTB_JZ4_genion_top.zip
2021-11-04 07:18:24,166 [MainThread  ] [INFO ]  To: 
2021-11-04 07:18:24,167 [MainThread  ] [INFO ]  71a82773-e068-48cd-8c89-eb3d3f65b25f/JZ4_posres.itp
2021-11-04 07:18:24,168 [MainThread  ] [INFO ]  71a82773-e068-48cd-8c89-eb3d3f65b25f/JZ4params.itp
2021-11-04 07:18:24,169 [MainThread  ] [INFO ]  71a82773-e068-48cd-8c89-eb3d3f65b25f/ligand.top
2021-11-04 07:18:24,169 [MainThread  ] [INFO ]  71a82773-e068-48cd-8c89-eb3d3f65b25f/posre.itp
2021-11-04 07:18:24,170 [MainThread  ] [INFO ]  GROMACS Grompp 20191 version detected
2021-11-04 07:18:24,171 [MainThread  ] [INFO ]  Not using any container
2021-11-04 07:18:24,171 [MainThread  ] [INFO ]  gmx -nobackup -nocopyright grompp -f d73ea179-9790-497c-8967-877369762590/grompp.mdp -c 3HTB_JZ4_nvt.gro -r 3HTB_JZ4_nvt.gro -p 71a82773-e068-48cd-8c89-eb3d3f65b25f/ligand.top -o 3HTB_JZ4_gppnpt.tpr -po mdout.mdp -maxwarn 10 -t 3HTB_JZ4_nvt.cpt -n 3HTB_JZ4_index.ndx

2021-11-04 07:18:24,582 [MainThread  ] [INFO ]  Exit code 0

2021-11-04 07:18:24,583 [MainThread  ] [INFO ]  turning H bonds into constraints...
turning H bonds into constraints...
turning H bonds into constraints...
turning H bonds into constraints...
turning H bonds into constraints...
Determining Verlet buffer for a tolerance of 0.005 kJ/mol/ps at 300 K
Calculated rlist for 1x1 atom pair-list as 1.034 nm, buffer size 0.034 nm
Set rlist, assuming 4x4 atom pair-list, to 1.000 nm, buffer size 0.000 nm
Note that mdrun will redetermine rlist based on the actual pair-list setup
Calculating fourier grid dimensions for X Y Z
Using a fourier grid of 64x64x64, spacing 0.116 0.116 0.116
This run will generate roughly 11 Mb of data

2021-11-04 07:18:24,586 [MainThread  ] [INFO ]  Removed: ['71a82773-e068-48cd-8c89-eb3d3f65b25f', 'd73ea179-9790-497c-8967-877369762590', 'mdout.mdp']
