2021-11-02 22:06:01,503 [MainThread  ] [INFO ]  Not using any container
2021-11-02 22:06:01,503 [MainThread  ] [INFO ]  check_structure -i 3HTB.pdb -o 3HTB_fixed.pdb --force_save fixside --fix ALL

2021-11-02 22:06:01,900 [MainThread  ] [INFO ]  Exit code 0

2021-11-02 22:06:01,901 [MainThread  ] [INFO ]  ===============================================================================
=                   BioBB structure checking utility v3.8.1                   =
=                 A. Hospital, P. Andrio, J.L. Gelpi 2018-21                  =
===============================================================================

Warning: sequence features only available in mmCIF format or with external fasta input
Structure 3HTB.pdb loaded
 Title: 
 Experimental method: unknown
 Resolution (A): N.A.

 Num. models: 1
 Num. chains: 1 (A: Protein)
 Num. residues:  163
 Num. residues with ins. codes:  0
 Num. HETATM residues:  0
 Num. ligands or modified residues:  0
 Num. water mol.:  0
 Num. atoms:  1300

Running fixside. Options: --fix ALL
No residues with missing or unknown side chain atoms found
Structure not modified, saving due to --force_save option
Final Num. models: 1
Final Num. chains: 1 (A: Protein)
Final Num. residues:  163
Final Num. residues with ins. codes:  0
Final Num. HETATM residues:  0
Final Num. ligands or modified residues:  0
Final Num. water mol.:  0
Final Num. atoms:  1300
Structure saved on 3HTB_fixed.pdb

2021-11-02 22:06:01,902 [MainThread  ] [INFO ]  Removed: []
