2021-11-04 07:05:26,245 [MainThread  ] [INFO ]  Extracting: /home/dhnchandan/Documents/cc/gromacs/nb_md_analysis/project/notebooks/3HTB_JZ4_genion_top.zip
2021-11-04 07:05:26,247 [MainThread  ] [INFO ]  to:
2021-11-04 07:05:26,248 [MainThread  ] [INFO ]  ['8f818254-e317-43c0-a0f4-67aae645be14/JZ4_posres.itp', '8f818254-e317-43c0-a0f4-67aae645be14/JZ4params.itp', '8f818254-e317-43c0-a0f4-67aae645be14/ligand.top', '8f818254-e317-43c0-a0f4-67aae645be14/posre.itp']
2021-11-04 07:05:26,248 [MainThread  ] [INFO ]  Unzipping: 
2021-11-04 07:05:26,249 [MainThread  ] [INFO ]  3HTB_JZ4_genion_top.zip
2021-11-04 07:05:26,250 [MainThread  ] [INFO ]  To: 
2021-11-04 07:05:26,250 [MainThread  ] [INFO ]  8f818254-e317-43c0-a0f4-67aae645be14/JZ4_posres.itp
2021-11-04 07:05:26,251 [MainThread  ] [INFO ]  8f818254-e317-43c0-a0f4-67aae645be14/JZ4params.itp
2021-11-04 07:05:26,251 [MainThread  ] [INFO ]  8f818254-e317-43c0-a0f4-67aae645be14/ligand.top
2021-11-04 07:05:26,252 [MainThread  ] [INFO ]  8f818254-e317-43c0-a0f4-67aae645be14/posre.itp
2021-11-04 07:05:26,253 [MainThread  ] [INFO ]  GROMACS Grompp 20191 version detected
2021-11-04 07:05:26,254 [MainThread  ] [INFO ]  Not using any container
2021-11-04 07:05:26,254 [MainThread  ] [INFO ]  gmx -nobackup -nocopyright grompp -f 7ae95e79-caab-4b83-8589-6cffad651474/grompp.mdp -c 3HTB_JZ4_min.gro -r 3HTB_JZ4_min.gro -p 8f818254-e317-43c0-a0f4-67aae645be14/ligand.top -o 3HTB_JZ4gppnvt.tpr -po mdout.mdp -maxwarn 10 -n 3HTB_JZ4_index.ndx

2021-11-04 07:05:26,613 [MainThread  ] [INFO ]  Exit code 0

2021-11-04 07:05:26,614 [MainThread  ] [INFO ]  turning H bonds into constraints...
turning H bonds into constraints...
turning H bonds into constraints...
turning H bonds into constraints...
turning H bonds into constraints...
Determining Verlet buffer for a tolerance of 0.005 kJ/mol/ps at 300 K
Calculated rlist for 1x1 atom pair-list as 1.034 nm, buffer size 0.034 nm
Set rlist, assuming 4x4 atom pair-list, to 1.000 nm, buffer size 0.000 nm
Note that mdrun will redetermine rlist based on the actual pair-list setup
Calculating fourier grid dimensions for X Y Z
Using a fourier grid of 64x64x64, spacing 0.116 0.116 0.116
This run will generate roughly 11 Mb of data

2021-11-04 07:05:26,616 [MainThread  ] [INFO ]  Removed: ['8f818254-e317-43c0-a0f4-67aae645be14', '7ae95e79-caab-4b83-8589-6cffad651474', 'mdout.mdp']
