2021-11-04 07:05:26,614 [MainThread  ] [INFO ]                        :-) GROMACS - gmx grompp, 2019.1 (-:

Executable:   /home/dhnchandan/anaconda3/envs/nb_md_analysis/bin/gmx
Data prefix:  /home/dhnchandan/anaconda3/envs/nb_md_analysis
Working dir:  /home/dhnchandan/Documents/cc/gromacs/nb_md_analysis/project/notebooks
Command line:
  gmx -nobackup -nocopyright grompp -f 7ae95e79-caab-4b83-8589-6cffad651474/grompp.mdp -c 3HTB_JZ4_min.gro -r 3HTB_JZ4_min.gro -p 8f818254-e317-43c0-a0f4-67aae645be14/ligand.top -o 3HTB_JZ4gppnvt.tpr -po mdout.mdp -maxwarn 10 -n 3HTB_JZ4_index.ndx

Setting the LD random seed to 163925333
Generated 2556 of the 2556 non-bonded parameter combinations
Generating 1-4 interactions: fudge = 0.5
Generated 2556 of the 2556 1-4 parameter combinations
Excluding 3 bonded neighbours molecule type 'Protein_chain_A'
Excluding 3 bonded neighbours molecule type 'JZ4params'
Excluding 2 bonded neighbours molecule type 'SOL'
Excluding 1 bonded neighbours molecule type 'NA'
Excluding 1 bonded neighbours molecule type 'CL'
Setting gen_seed to -1075742766
Velocities were taken from a Maxwell distribution at 300 K
Removing all charge groups because cutoff-scheme=Verlet
Number of degrees of freedom in T-Coupling group Protein_Other is 6582.69
Number of degrees of freedom in T-Coupling group Water_and_ions is 57105.31
Estimate for the relative computational load of the PME mesh part: 0.20

GROMACS reminds you: "Wedged as we are between two eternities of idleness, there is no excuse for being idle now" (Anthony Burgess)


