2021-11-04 07:33:02,914 [MainThread  ] [INFO ]                        :-) GROMACS - gmx grompp, 2019.1 (-:

Executable:   /home/dhnchandan/anaconda3/envs/nb_md_analysis/bin/gmx
Data prefix:  /home/dhnchandan/anaconda3/envs/nb_md_analysis
Working dir:  /home/dhnchandan/Documents/cc/gromacs/nb_md_analysis/project/notebooks
Command line:
  gmx -nobackup -nocopyright grompp -f 7ddf0536-df88-480c-b630-89e6634df692/grompp.mdp -c 3HTB_JZ4_npt.gro -r 3HTB_JZ4_npt.gro -p 017d5668-3e5a-4dd2-98b8-fdbf9d11baf8/ligand.top -o 3HTB_JZ4_gppmd.tpr -po mdout.mdp -maxwarn 10 -t 3HTB_JZ4_npt.cpt

Setting the LD random seed to 956601094
Generated 2556 of the 2556 non-bonded parameter combinations
Generating 1-4 interactions: fudge = 0.5
Generated 2556 of the 2556 1-4 parameter combinations
Excluding 3 bonded neighbours molecule type 'Protein_chain_A'
Excluding 3 bonded neighbours molecule type 'JZ4params'
Excluding 2 bonded neighbours molecule type 'SOL'
Excluding 1 bonded neighbours molecule type 'NA'
Excluding 1 bonded neighbours molecule type 'CL'
Removing all charge groups because cutoff-scheme=Verlet
Number of degrees of freedom in T-Coupling group Protein is 6528.69
Number of degrees of freedom in T-Coupling group non-Protein is 57159.31
Reading Coordinates, Velocities and Box size from old trajectory
Will read whole trajectory
Last frame         -1 time   10.000   
Using frame at t = 10 ps
Starting time for run is 0 ps
Estimate for the relative computational load of the PME mesh part: 0.20

GROMACS reminds you: "Everybody Lie Down On the Floor and Keep Calm" (KLF)


