2021-11-04 07:38:30,619 [MainThread  ] [INFO ]                        :-) GROMACS - gmx gyrate, 2019.1 (-:

                            GROMACS is written by:
     Emile Apol      Rossen Apostolov      Paul Bauer     Herman J.C. Berendsen
    Par Bjelkmar      Christian Blau   Viacheslav Bolnykh     Kevin Boyd    
 Aldert van Buuren   Rudi van Drunen     Anton Feenstra       Alan Gray     
  Gerrit Groenhof     Anca Hamuraru    Vincent Hindriksen  M. Eric Irrgang  
  Aleksei Iupinov   Christoph Junghans     Joe Jordan     Dimitrios Karkoulis
    Peter Kasson        Jiri Kraus      Carsten Kutzner      Per Larsson    
  Justin A. Lemkul    Viveca Lindahl    Magnus Lundborg     Erik Marklund   
    Pascal Merz     Pieter Meulenhoff    Teemu Murtola       Szilard Pall   
    Sander Pronk      Roland Schulz      Michael Shirts    Alexey Shvetsov  
   Alfons Sijbers     Peter Tieleman      Jon Vincent      Teemu Virolainen 
 Christian Wennberg    Maarten Wolf   
                           and the project leaders:
        Mark Abraham, Berk Hess, Erik Lindahl, and David van der Spoel

Copyright (c) 1991-2000, University of Groningen, The Netherlands.
Copyright (c) 2001-2018, The GROMACS development team at
Uppsala University, Stockholm University and
the Royal Institute of Technology, Sweden.
check out http://www.gromacs.org for more information.

GROMACS is free software; you can redistribute it and/or modify it
under the terms of the GNU Lesser General Public License
as published by the Free Software Foundation; either version 2.1
of the License, or (at your option) any later version.

GROMACS:      gmx gyrate, version 2019.1
Executable:   /home/dhnchandan/anaconda3/envs/nb_md_analysis/bin/gmx
Data prefix:  /home/dhnchandan/anaconda3/envs/nb_md_analysis
Working dir:  /home/dhnchandan/Documents/cc/gromacs/nb_md_analysis/project/notebooks
Command line:
  gmx gyrate -s /home/dhnchandan/Documents/cc/gromacs/nb_md_analysis/project/notebooks/3HTB_JZ4_gppmin.tpr -f /home/dhnchandan/Documents/cc/gromacs/nb_md_analysis/project/notebooks/3HTB_JZ4_md.trr -o 3HTB_JZ4_rgyr.xvg -xvg none

Reading file /home/dhnchandan/Documents/cc/gromacs/nb_md_analysis/project/notebooks/3HTB_JZ4_gppmin.tpr, VERSION 2019.1 (single precision)
Reading file /home/dhnchandan/Documents/cc/gromacs/nb_md_analysis/project/notebooks/3HTB_JZ4_gppmin.tpr, VERSION 2019.1 (single precision)
Group     0 (         System) has 31177 elements
Group     1 (        Protein) has  2614 elements
Group     2 (      Protein-H) has  1301 elements
Group     3 (        C-alpha) has   163 elements
Group     4 (       Backbone) has   489 elements
Group     5 (      MainChain) has   653 elements
Group     6 (   MainChain+Cb) has   805 elements
Group     7 (    MainChain+H) has   815 elements
Group     8 (      SideChain) has  1799 elements
Group     9 (    SideChain-H) has   648 elements
Group    10 (    Prot-Masses) has  2614 elements
Group    11 (    non-Protein) has 28563 elements
Group    12 (          Other) has    22 elements
Group    13 (            JZ4) has    22 elements
Group    14 (             NA) has    10 elements
Group    15 (             CL) has    16 elements
Group    16 (          Water) has 28515 elements
Group    17 (            SOL) has 28515 elements
Group    18 (      non-Water) has  2662 elements
Group    19 (            Ion) has    26 elements
Group    20 (            JZ4) has    22 elements
Group    21 (             NA) has    10 elements
Group    22 (             CL) has    16 elements
Group    23 ( Water_and_ions) has 28541 elements
Select a group: trr version: GMX_trn_file (single precision)
Reading frame       0 time    0.000   Reading frame       1 time   10.000   Reading frame       2 time   20.000   Reading frame       3 time   30.000   Reading frame       4 time   40.000   Reading frame       5 time   50.000   Last frame          5 time   50.000   

GROMACS reminds you: "You're About to Hurt Somebody" (Jazzy Jeff)


