2021-11-03 06:12:26,193 [MainThread  ] [INFO ]  Not using any container
2021-11-03 06:12:26,194 [MainThread  ] [INFO ]  acpype -i /home/dhnchandan/Documents/cc/gromacs/nb_md_analysis/project/notebooks/JZ4.H.min.mol2 -b JZ4params.U15Loq -n 0

2021-11-03 06:12:27,738 [MainThread  ] [INFO ]  Exit code 0

2021-11-03 06:12:27,739 [MainThread  ] [INFO ]  ========================================================================================
| ACPYPE: AnteChamber PYthon Parser interfacE v. 2019-11-07T23:16:00CET (c) 2021 AWSdS |
========================================================================================
==> ... charge set to 0
==> Executing Antechamber...
==> * Antechamber OK *
==> * Parmchk OK *
==> Executing Tleap...
++++++++++start_quote+++++++++++++++++++++++++++++++++++++++++++++++++++++++++++
Checking 'JZ4'....
Checking parameters for unit 'JZ4'.
Checking for bond parameters.
Checking for angle parameters.
Unit is OK.
++++++++++end_quote+++++++++++++++++++++++++++++++++++++++++++++++++++++++++++++
==> * Tleap OK *
==> Removing temporary files...
==> Writing NEW PDB file

==> Writing CNS/XPLOR files

==> Writing GROMACS files

==> Writing GMX dihedrals for GMX 4.5 and higher.

==> Writing CHARMM files

==> Writing pickle file JZ4params.U15Loq.pkl
Total time of execution: 1s

2021-11-03 06:12:27,742 [MainThread  ] [INFO ]  File JZ4params.gro succesfully created
2021-11-03 06:12:27,744 [MainThread  ] [INFO ]  File JZ4params.itp succesfully created
2021-11-03 06:12:27,745 [MainThread  ] [INFO ]  File JZ4params.top succesfully created
2021-11-03 06:12:27,747 [MainThread  ] [INFO ]  Removed temporary folder: JZ4params.U15Loq.acpype
